This is pdfTeX, Version 3.14159265-2.6-1.40.19 (MiKTeX 2.9.6840 64-bit) (preloaded format=pdflatex 2018.11.24)  26 NOV 2018 20:03
entering extended mode
**./report.tex
(report.tex
LaTeX2e <2018-04-01> patch level 5
(C:\Users\Dell\mik\tex\latex\base\report.cls
Document Class: report 2014/09/29 v1.4h Standard LaTeX document class
(C:\Users\Dell\mik\tex\latex\base\size12.clo
File: size12.clo 2014/09/29 v1.4h Standard LaTeX file (size option)
)
\c@part=\count80
\c@chapter=\count81
\c@section=\count82
\c@subsection=\count83
\c@subsubsection=\count84
\c@paragraph=\count85
\c@subparagraph=\count86
\c@figure=\count87
\c@table=\count88
\abovecaptionskip=\skip41
\belowcaptionskip=\skip42
\bibindent=\dimen102
)
(C:\Users\Dell\mik\tex\latex\xcolor\xcolor.sty
Package: xcolor 2016/05/11 v2.12 LaTeX color extensions (UK)

(C:\Users\Dell\mik\tex\latex\graphics-cfg\color.cfg
File: color.cfg 2016/01/02 v1.6 sample color configuration
)
Package xcolor Info: Driver file: pdftex.def on input line 225.

(C:\Users\Dell\mik\tex\latex\graphics-def\pdftex.def
File: pdftex.def 2018/01/08 v1.0l Graphics/color driver for pdftex
)
Package xcolor Info: Model `cmy' substituted by `cmy0' on input line 1348.
Package xcolor Info: Model `hsb' substituted by `rgb' on input line 1352.
Package xcolor Info: Model `RGB' extended on input line 1364.
Package xcolor Info: Model `HTML' substituted by `rgb' on input line 1366.
Package xcolor Info: Model `Hsb' substituted by `hsb' on input line 1367.
Package xcolor Info: Model `tHsb' substituted by `hsb' on input line 1368.
Package xcolor Info: Model `HSB' substituted by `hsb' on input line 1369.
Package xcolor Info: Model `Gray' substituted by `gray' on input line 1370.
Package xcolor Info: Model `wave' substituted by `hsb' on input line 1371.
)
(C:\Users\Dell\mik\tex\latex\pgf\frontendlayer\tikz.sty
(C:\Users\Dell\mik\tex\latex\pgf\basiclayer\pgf.sty
(C:\Users\Dell\mik\tex\latex\pgf\utilities\pgfrcs.sty
(C:\Users\Dell\mik\tex\generic\pgf\utilities\pgfutil-common.tex
\pgfutil@everybye=\toks14
\pgfutil@tempdima=\dimen103
\pgfutil@tempdimb=\dimen104

(C:\Users\Dell\mik\tex\generic\pgf\utilities\pgfutil-common-lists.tex))
(C:\Users\Dell\mik\tex\generic\pgf\utilities\pgfutil-latex.def
\pgfutil@abb=\box26

(C:\Users\Dell\mik\tex\latex\ms\everyshi.sty
Package: everyshi 2001/05/15 v3.00 EveryShipout Package (MS)
))
(C:\Users\Dell\mik\tex\generic\pgf\utilities\pgfrcs.code.tex
Package: pgfrcs 2015/08/07 v3.0.1a (rcs-revision 1.31)
))
Package: pgf 2015/08/07 v3.0.1a (rcs-revision 1.15)

(C:\Users\Dell\mik\tex\latex\pgf\basiclayer\pgfcore.sty
(C:\Users\Dell\mik\tex\latex\graphics\graphicx.sty
Package: graphicx 2017/06/01 v1.1a Enhanced LaTeX Graphics (DPC,SPQR)

(C:\Users\Dell\mik\tex\latex\graphics\keyval.sty
Package: keyval 2014/10/28 v1.15 key=value parser (DPC)
\KV@toks@=\toks15
)
(C:\Users\Dell\mik\tex\latex\graphics\graphics.sty
Package: graphics 2017/06/25 v1.2c Standard LaTeX Graphics (DPC,SPQR)

(C:\Users\Dell\mik\tex\latex\graphics\trig.sty
Package: trig 2016/01/03 v1.10 sin cos tan (DPC)
)
(C:\Users\Dell\mik\tex\latex\graphics-cfg\graphics.cfg
File: graphics.cfg 2016/06/04 v1.11 sample graphics configuration
)
Package graphics Info: Driver file: pdftex.def on input line 99.
)
\Gin@req@height=\dimen105
\Gin@req@width=\dimen106
)
(C:\Users\Dell\mik\tex\latex\pgf\systemlayer\pgfsys.sty
(C:\Users\Dell\mik\tex\generic\pgf\systemlayer\pgfsys.code.tex
Package: pgfsys 2014/07/09 v3.0.1a (rcs-revision 1.48)

(C:\Users\Dell\mik\tex\generic\pgf\utilities\pgfkeys.code.tex
\pgfkeys@pathtoks=\toks16
\pgfkeys@temptoks=\toks17

(C:\Users\Dell\mik\tex\generic\pgf\utilities\pgfkeysfiltered.code.tex
\pgfkeys@tmptoks=\toks18
))
\pgf@x=\dimen107
\pgf@y=\dimen108
\pgf@xa=\dimen109
\pgf@ya=\dimen110
\pgf@xb=\dimen111
\pgf@yb=\dimen112
\pgf@xc=\dimen113
\pgf@yc=\dimen114
\w@pgf@writea=\write3
\r@pgf@reada=\read1
\c@pgf@counta=\count89
\c@pgf@countb=\count90
\c@pgf@countc=\count91
\c@pgf@countd=\count92
\t@pgf@toka=\toks19
\t@pgf@tokb=\toks20
\t@pgf@tokc=\toks21

(C:\Users\Dell\mik\tex\generic\pgf\systemlayer\pgf.cfg
File: pgf.cfg 2008/05/14  (rcs-revision 1.7)
)
Driver file for pgf: pgfsys-pdftex.def

(C:\Users\Dell\mik\tex\generic\pgf\systemlayer\pgfsys-pdftex.def
File: pgfsys-pdftex.def 2014/10/11  (rcs-revision 1.35)

(C:\Users\Dell\mik\tex\generic\pgf\systemlayer\pgfsys-common-pdf.def
File: pgfsys-common-pdf.def 2013/10/10  (rcs-revision 1.13)
)))
(C:\Users\Dell\mik\tex\generic\pgf\systemlayer\pgfsyssoftpath.code.tex
File: pgfsyssoftpath.code.tex 2013/09/09  (rcs-revision 1.9)
\pgfsyssoftpath@smallbuffer@items=\count93
\pgfsyssoftpath@bigbuffer@items=\count94
)
(C:\Users\Dell\mik\tex\generic\pgf\systemlayer\pgfsysprotocol.code.tex
File: pgfsysprotocol.code.tex 2006/10/16  (rcs-revision 1.4)
))
(C:\Users\Dell\mik\tex\generic\pgf\basiclayer\pgfcore.code.tex
Package: pgfcore 2010/04/11 v3.0.1a (rcs-revision 1.7)

(C:\Users\Dell\mik\tex\generic\pgf\math\pgfmath.code.tex
(C:\Users\Dell\mik\tex\generic\pgf\math\pgfmathcalc.code.tex
(C:\Users\Dell\mik\tex\generic\pgf\math\pgfmathutil.code.tex)
(C:\Users\Dell\mik\tex\generic\pgf\math\pgfmathparser.code.tex
\pgfmath@dimen=\dimen115
\pgfmath@count=\count95
\pgfmath@box=\box27
\pgfmath@toks=\toks22
\pgfmath@stack@operand=\toks23
\pgfmath@stack@operation=\toks24
)
(C:\Users\Dell\mik\tex\generic\pgf\math\pgfmathfunctions.code.tex
(C:\Users\Dell\mik\tex\generic\pgf\math\pgfmathfunctions.basic.code.tex)
(C:\Users\Dell\mik\tex\generic\pgf\math\pgfmathfunctions.trigonometric.code.tex
) (C:\Users\Dell\mik\tex\generic\pgf\math\pgfmathfunctions.random.code.tex)
(C:\Users\Dell\mik\tex\generic\pgf\math\pgfmathfunctions.comparison.code.tex)
(C:\Users\Dell\mik\tex\generic\pgf\math\pgfmathfunctions.base.code.tex)
(C:\Users\Dell\mik\tex\generic\pgf\math\pgfmathfunctions.round.code.tex)
(C:\Users\Dell\mik\tex\generic\pgf\math\pgfmathfunctions.misc.code.tex)
(C:\Users\Dell\mik\tex\generic\pgf\math\pgfmathfunctions.integerarithmetics.cod
e.tex))) (C:\Users\Dell\mik\tex\generic\pgf\math\pgfmathfloat.code.tex
\c@pgfmathroundto@lastzeros=\count96
))
(C:\Users\Dell\mik\tex\generic\pgf\basiclayer\pgfcorepoints.code.tex
File: pgfcorepoints.code.tex 2013/10/07  (rcs-revision 1.27)
\pgf@picminx=\dimen116
\pgf@picmaxx=\dimen117
\pgf@picminy=\dimen118
\pgf@picmaxy=\dimen119
\pgf@pathminx=\dimen120
\pgf@pathmaxx=\dimen121
\pgf@pathminy=\dimen122
\pgf@pathmaxy=\dimen123
\pgf@xx=\dimen124
\pgf@xy=\dimen125
\pgf@yx=\dimen126
\pgf@yy=\dimen127
\pgf@zx=\dimen128
\pgf@zy=\dimen129
)
(C:\Users\Dell\mik\tex\generic\pgf\basiclayer\pgfcorepathconstruct.code.tex
File: pgfcorepathconstruct.code.tex 2013/10/07  (rcs-revision 1.29)
\pgf@path@lastx=\dimen130
\pgf@path@lasty=\dimen131
)
(C:\Users\Dell\mik\tex\generic\pgf\basiclayer\pgfcorepathusage.code.tex
File: pgfcorepathusage.code.tex 2014/11/02  (rcs-revision 1.24)
\pgf@shorten@end@additional=\dimen132
\pgf@shorten@start@additional=\dimen133
)
(C:\Users\Dell\mik\tex\generic\pgf\basiclayer\pgfcorescopes.code.tex
File: pgfcorescopes.code.tex 2015/05/08  (rcs-revision 1.46)
\pgfpic=\box28
\pgf@hbox=\box29
\pgf@layerbox@main=\box30
\pgf@picture@serial@count=\count97
)
(C:\Users\Dell\mik\tex\generic\pgf\basiclayer\pgfcoregraphicstate.code.tex
File: pgfcoregraphicstate.code.tex 2014/11/02  (rcs-revision 1.12)
\pgflinewidth=\dimen134
)
(C:\Users\Dell\mik\tex\generic\pgf\basiclayer\pgfcoretransformations.code.tex
File: pgfcoretransformations.code.tex 2015/08/07  (rcs-revision 1.20)
\pgf@pt@x=\dimen135
\pgf@pt@y=\dimen136
\pgf@pt@temp=\dimen137
)
(C:\Users\Dell\mik\tex\generic\pgf\basiclayer\pgfcorequick.code.tex
File: pgfcorequick.code.tex 2008/10/09  (rcs-revision 1.3)
)
(C:\Users\Dell\mik\tex\generic\pgf\basiclayer\pgfcoreobjects.code.tex
File: pgfcoreobjects.code.tex 2006/10/11  (rcs-revision 1.2)
)
(C:\Users\Dell\mik\tex\generic\pgf\basiclayer\pgfcorepathprocessing.code.tex
File: pgfcorepathprocessing.code.tex 2013/09/09  (rcs-revision 1.9)
)
(C:\Users\Dell\mik\tex\generic\pgf\basiclayer\pgfcorearrows.code.tex
File: pgfcorearrows.code.tex 2015/05/14  (rcs-revision 1.43)
\pgfarrowsep=\dimen138
)
(C:\Users\Dell\mik\tex\generic\pgf\basiclayer\pgfcoreshade.code.tex
File: pgfcoreshade.code.tex 2013/07/15  (rcs-revision 1.15)
\pgf@max=\dimen139
\pgf@sys@shading@range@num=\count98
)
(C:\Users\Dell\mik\tex\generic\pgf\basiclayer\pgfcoreimage.code.tex
File: pgfcoreimage.code.tex 2013/07/15  (rcs-revision 1.18)

(C:\Users\Dell\mik\tex\generic\pgf\basiclayer\pgfcoreexternal.code.tex
File: pgfcoreexternal.code.tex 2014/07/09  (rcs-revision 1.21)
\pgfexternal@startupbox=\box31
))
(C:\Users\Dell\mik\tex\generic\pgf\basiclayer\pgfcorelayers.code.tex
File: pgfcorelayers.code.tex 2013/07/18  (rcs-revision 1.7)
)
(C:\Users\Dell\mik\tex\generic\pgf\basiclayer\pgfcoretransparency.code.tex
File: pgfcoretransparency.code.tex 2013/09/30  (rcs-revision 1.5)
)
(C:\Users\Dell\mik\tex\generic\pgf\basiclayer\pgfcorepatterns.code.tex
File: pgfcorepatterns.code.tex 2013/11/07  (rcs-revision 1.5)
)))
(C:\Users\Dell\mik\tex\generic\pgf\modules\pgfmoduleshapes.code.tex
File: pgfmoduleshapes.code.tex 2014/03/21  (rcs-revision 1.35)
\pgfnodeparttextbox=\box32
)
(C:\Users\Dell\mik\tex\generic\pgf\modules\pgfmoduleplot.code.tex
File: pgfmoduleplot.code.tex 2015/08/03  (rcs-revision 1.13)
)
(C:\Users\Dell\mik\tex\latex\pgf\compatibility\pgfcomp-version-0-65.sty
Package: pgfcomp-version-0-65 2007/07/03 v3.0.1a (rcs-revision 1.7)
\pgf@nodesepstart=\dimen140
\pgf@nodesepend=\dimen141
)
(C:\Users\Dell\mik\tex\latex\pgf\compatibility\pgfcomp-version-1-18.sty
Package: pgfcomp-version-1-18 2007/07/23 v3.0.1a (rcs-revision 1.1)
))
(C:\Users\Dell\mik\tex\latex\pgf\utilities\pgffor.sty
(C:\Users\Dell\mik\tex\latex\pgf\utilities\pgfkeys.sty
(C:\Users\Dell\mik\tex\generic\pgf\utilities\pgfkeys.code.tex))
(C:\Users\Dell\mik\tex\latex\pgf\math\pgfmath.sty
(C:\Users\Dell\mik\tex\generic\pgf\math\pgfmath.code.tex))
(C:\Users\Dell\mik\tex\generic\pgf\utilities\pgffor.code.tex
Package: pgffor 2013/12/13 v3.0.1a (rcs-revision 1.25)

(C:\Users\Dell\mik\tex\generic\pgf\math\pgfmath.code.tex)
\pgffor@iter=\dimen142
\pgffor@skip=\dimen143
\pgffor@stack=\toks25
\pgffor@toks=\toks26
))
(C:\Users\Dell\mik\tex\generic\pgf\frontendlayer\tikz\tikz.code.tex
Package: tikz 2015/08/07 v3.0.1a (rcs-revision 1.151)

(C:\Users\Dell\mik\tex\generic\pgf\libraries\pgflibraryplothandlers.code.tex
File: pgflibraryplothandlers.code.tex 2013/08/31 v3.0.1a (rcs-revision 1.20)
\pgf@plot@mark@count=\count99
\pgfplotmarksize=\dimen144
)
\tikz@lastx=\dimen145
\tikz@lasty=\dimen146
\tikz@lastxsaved=\dimen147
\tikz@lastysaved=\dimen148
\tikzleveldistance=\dimen149
\tikzsiblingdistance=\dimen150
\tikz@figbox=\box33
\tikz@figbox@bg=\box34
\tikz@tempbox=\box35
\tikz@tempbox@bg=\box36
\tikztreelevel=\count100
\tikznumberofchildren=\count101
\tikznumberofcurrentchild=\count102
\tikz@fig@count=\count103

(C:\Users\Dell\mik\tex\generic\pgf\modules\pgfmodulematrix.code.tex
File: pgfmodulematrix.code.tex 2013/09/17  (rcs-revision 1.8)
\pgfmatrixcurrentrow=\count104
\pgfmatrixcurrentcolumn=\count105
\pgf@matrix@numberofcolumns=\count106
)
\tikz@expandcount=\count107

(C:\Users\Dell\mik\tex\generic\pgf\frontendlayer\tikz\libraries\tikzlibrarytopa
ths.code.tex
File: tikzlibrarytopaths.code.tex 2008/06/17 v3.0.1a (rcs-revision 1.2)
)))
(C:\Users\Dell\mik\tex\generic\pgf\frontendlayer\tikz\libraries\tikzlibrarycalc
.code.tex
File: tikzlibrarycalc.code.tex 2013/07/15 v3.0.1a (rcs-revision 1.9)
) (C:\Users\Dell\mik\tex\latex\tools\multicol.sty
Package: multicol 2018/04/20 v1.8s multicolumn formatting (FMi)
\c@tracingmulticols=\count108
\mult@box=\box37
\multicol@leftmargin=\dimen151
\c@unbalance=\count109
\c@collectmore=\count110
\doublecol@number=\count111
\multicoltolerance=\count112
\multicolpretolerance=\count113
\full@width=\dimen152
\page@free=\dimen153
\premulticols=\dimen154
\postmulticols=\dimen155
\multicolsep=\skip43
\multicolbaselineskip=\skip44
\partial@page=\box38
\last@line=\box39
\maxbalancingoverflow=\dimen156
\mult@rightbox=\box40
\mult@grightbox=\box41
\mult@gfirstbox=\box42
\mult@firstbox=\box43
\@tempa=\box44
\@tempa=\box45
\@tempa=\box46
\@tempa=\box47
\@tempa=\box48
\@tempa=\box49
\@tempa=\box50
\@tempa=\box51
\@tempa=\box52
\@tempa=\box53
\@tempa=\box54
\@tempa=\box55
\@tempa=\box56
\@tempa=\box57
\@tempa=\box58
\@tempa=\box59
\@tempa=\box60
\c@columnbadness=\count114
\c@finalcolumnbadness=\count115
\last@try=\dimen157
\multicolovershoot=\dimen158
\multicolundershoot=\dimen159
\mult@nat@firstbox=\box61
\colbreak@box=\box62
\mc@col@check@num=\count116
) (titletoc.sty
Package: titletoc 2011/12/15 v1.6 TOC entries
\ttl@leftsep=\dimen160
)
(C:\Users\Dell\mik\tex\latex\ms\ragged2e.sty
Package: ragged2e 2009/05/21 v2.1 ragged2e Package (MS)

(C:\Users\Dell\mik\tex\latex\ms\everysel.sty
Package: everysel 2011/10/28 v1.2 EverySelectfont Package (MS)
)
\CenteringLeftskip=\skip45
\RaggedLeftLeftskip=\skip46
\RaggedRightLeftskip=\skip47
\CenteringRightskip=\skip48
\RaggedLeftRightskip=\skip49
\RaggedRightRightskip=\skip50
\CenteringParfillskip=\skip51
\RaggedLeftParfillskip=\skip52
\RaggedRightParfillskip=\skip53
\JustifyingParfillskip=\skip54
\CenteringParindent=\skip55
\RaggedLeftParindent=\skip56
\RaggedRightParindent=\skip57
\JustifyingParindent=\skip58
)
(C:\Users\Dell\mik\tex\latex\fancyhdr\fancyhdr.sty
Package: fancyhdr 2017/06/30 v3.9a Extensive control of page headers and footer
s
\f@nch@headwidth=\skip59
\f@nch@O@elh=\skip60
\f@nch@O@erh=\skip61
\f@nch@O@olh=\skip62
\f@nch@O@orh=\skip63
\f@nch@O@elf=\skip64
\f@nch@O@erf=\skip65
\f@nch@O@olf=\skip66
\f@nch@O@orf=\skip67
)
(C:\Users\Dell\mik\tex\latex\url\url.sty
\Urlmuskip=\muskip10
Package: url 2013/09/16  ver 3.4  Verb mode for urls, etc.
)
(C:\Users\Dell\mik\tex\latex\tools\verbatim.sty
Package: verbatim 2014/10/28 v1.5q LaTeX2e package for verbatim enhancements
\every@verbatim=\toks27
\verbatim@line=\toks28
\verbatim@in@stream=\read2
)
(C:\Users\Dell\mik\tex\latex\base\inputenc.sty
Package: inputenc 2018/04/06 v1.3b Input encoding file
\inpenc@prehook=\toks29
\inpenc@posthook=\toks30
)
(C:\Users\Dell\mik\tex\latex\float\float.sty
Package: float 2001/11/08 v1.3d Float enhancements (AL)
\c@float@type=\count117
\float@exts=\toks31
\float@box=\box63
\@float@everytoks=\toks32
\@floatcapt=\box64
)
(C:\Users\Dell\mik\tex\latex\titlesec\titlesec.sty
Package: titlesec 2016/03/21 v2.10.2 Sectioning titles
\ttl@box=\box65
\beforetitleunit=\skip68
\aftertitleunit=\skip69
\ttl@plus=\dimen161
\ttl@minus=\dimen162
\ttl@toksa=\toks33
\titlewidth=\dimen163
\titlewidthlast=\dimen164
\titlewidthfirst=\dimen165
)
(C:\Users\Dell\mik\tex\latex\listings\listings.sty
\lst@mode=\count118
\lst@gtempboxa=\box66
\lst@token=\toks34
\lst@length=\count119
\lst@currlwidth=\dimen166
\lst@column=\count120
\lst@pos=\count121
\lst@lostspace=\dimen167
\lst@width=\dimen168
\lst@newlines=\count122
\lst@lineno=\count123
\lst@maxwidth=\dimen169

(C:\Users\Dell\mik\tex\latex\listings\lstmisc.sty
File: lstmisc.sty 2018/09/02 1.7 (Carsten Heinz)
\c@lstnumber=\count124
\lst@skipnumbers=\count125
\lst@framebox=\box67
)
(C:\Users\Dell\mik\tex\latex\listings\listings.cfg
File: listings.cfg 2018/09/02 1.7 listings configuration
))
Package: listings 2018/09/02 1.7 (Carsten Heinz)

(C:\Users\Dell\mik\tex\latex\listings\lstlang1.sty
File: lstlang1.sty 2018/09/02 1.7 listings language file
)
(C:\Users\Dell\mik\tex\latex\hyperref\hyperref.sty
Package: hyperref 2018/09/30 v6.88a Hypertext links for LaTeX

(C:\Users\Dell\mik\tex\generic\oberdiek\hobsub-hyperref.sty
Package: hobsub-hyperref 2016/05/16 v1.14 Bundle oberdiek, subset hyperref (HO)


(C:\Users\Dell\mik\tex\generic\oberdiek\hobsub-generic.sty
Package: hobsub-generic 2016/05/16 v1.14 Bundle oberdiek, subset generic (HO)
Package: hobsub 2016/05/16 v1.14 Construct package bundles (HO)
Package: infwarerr 2016/05/16 v1.4 Providing info/warning/error messages (HO)
Package: ltxcmds 2016/05/16 v1.23 LaTeX kernel commands for general use (HO)
Package: ifluatex 2016/05/16 v1.4 Provides the ifluatex switch (HO)
Package ifluatex Info: LuaTeX not detected.
Package: ifvtex 2016/05/16 v1.6 Detect VTeX and its facilities (HO)
Package ifvtex Info: VTeX not detected.
Package: intcalc 2016/05/16 v1.2 Expandable calculations with integers (HO)
Package: ifpdf 2018/09/07 v3.3 Provides the ifpdf switch
Package: etexcmds 2016/05/16 v1.6 Avoid name clashes with e-TeX commands (HO)
Package etexcmds Info: Could not find \expanded.
(etexcmds)             That can mean that you are not using pdfTeX 1.50 or
(etexcmds)             that some package has redefined \expanded.
(etexcmds)             In the latter case, load this package earlier.
Package: kvsetkeys 2016/05/16 v1.17 Key value parser (HO)
Package: kvdefinekeys 2016/05/16 v1.4 Define keys (HO)
Package: pdftexcmds 2018/09/10 v0.29 Utility functions of pdfTeX for LuaTeX (HO
)
Package pdftexcmds Info: LuaTeX not detected.
Package pdftexcmds Info: \pdf@primitive is available.
Package pdftexcmds Info: \pdf@ifprimitive is available.
Package pdftexcmds Info: \pdfdraftmode found.
Package: pdfescape 2016/05/16 v1.14 Implements pdfTeX's escape features (HO)
Package: bigintcalc 2016/05/16 v1.4 Expandable calculations on big integers (HO
)
Package: bitset 2016/05/16 v1.2 Handle bit-vector datatype (HO)
Package: uniquecounter 2016/05/16 v1.3 Provide unlimited unique counter (HO)
)
Package hobsub Info: Skipping package `hobsub' (already loaded).
Package: letltxmacro 2016/05/16 v1.5 Let assignment for LaTeX macros (HO)
Package: hopatch 2016/05/16 v1.3 Wrapper for package hooks (HO)
Package: xcolor-patch 2016/05/16 xcolor patch
Package: atveryend 2016/05/16 v1.9 Hooks at the very end of document (HO)
Package atveryend Info: \enddocument detected (standard20110627).
Package: atbegshi 2016/06/09 v1.18 At begin shipout hook (HO)
Package: refcount 2016/05/16 v3.5 Data extraction from label references (HO)
Package: hycolor 2016/05/16 v1.8 Color options for hyperref/bookmark (HO)
)
(C:\Users\Dell\mik\tex\generic\ifxetex\ifxetex.sty
Package: ifxetex 2010/09/12 v0.6 Provides ifxetex conditional
)
(C:\Users\Dell\mik\tex\latex\oberdiek\auxhook.sty
Package: auxhook 2016/05/16 v1.4 Hooks for auxiliary files (HO)
)
(C:\Users\Dell\mik\tex\latex\oberdiek\kvoptions.sty
Package: kvoptions 2016/05/16 v3.12 Key value format for package options (HO)
)
\@linkdim=\dimen170
\Hy@linkcounter=\count126
\Hy@pagecounter=\count127

(C:\Users\Dell\mik\tex\latex\hyperref\pd1enc.def
File: pd1enc.def 2018/09/30 v6.88a Hyperref: PDFDocEncoding definition (HO)
Now handling font encoding PD1 ...
... no UTF-8 mapping file for font encoding PD1
)
\Hy@SavedSpaceFactor=\count128

(C:\Users\Dell\mik\tex\latex\00miktex\hyperref.cfg
File: hyperref.cfg 2002/06/06 v1.2 hyperref configuration of TeXLive
)
Package hyperref Info: Option `bookmarks' set `true' on input line 4409.
Package hyperref Info: Option `colorlinks' set `false' on input line 4409.
Package hyperref Info: Hyper figures OFF on input line 4535.
Package hyperref Info: Link nesting OFF on input line 4540.
Package hyperref Info: Hyper index ON on input line 4543.
Package hyperref Info: Plain pages OFF on input line 4550.
Package hyperref Info: Backreferencing OFF on input line 4555.
Package hyperref Info: Implicit mode ON; LaTeX internals redefined.
Package hyperref Info: Bookmarks ON on input line 4788.
\c@Hy@tempcnt=\count129
LaTeX Info: Redefining \url on input line 5141.
\XeTeXLinkMargin=\dimen171
\Fld@menulength=\count130
\Field@Width=\dimen172
\Fld@charsize=\dimen173
Package hyperref Info: Hyper figures OFF on input line 6396.
Package hyperref Info: Link nesting OFF on input line 6401.
Package hyperref Info: Hyper index ON on input line 6404.
Package hyperref Info: backreferencing OFF on input line 6411.
Package hyperref Info: Link coloring OFF on input line 6416.
Package hyperref Info: Link coloring with OCG OFF on input line 6421.
Package hyperref Info: PDF/A mode OFF on input line 6426.
LaTeX Info: Redefining \ref on input line 6466.
LaTeX Info: Redefining \pageref on input line 6470.
\Hy@abspage=\count131
\c@Item=\count132
\c@Hfootnote=\count133
)
Package hyperref Info: Driver (autodetected): hpdftex.

(C:\Users\Dell\mik\tex\latex\hyperref\hpdftex.def
File: hpdftex.def 2018/09/30 v6.88a Hyperref driver for pdfTeX
\Fld@listcount=\count134
\c@bookmark@seq@number=\count135

(C:\Users\Dell\mik\tex\latex\oberdiek\rerunfilecheck.sty
Package: rerunfilecheck 2016/05/16 v1.8 Rerun checks for auxiliary files (HO)
Package uniquecounter Info: New unique counter `rerunfilecheck' on input line 2
82.
)
\Hy@SectionHShift=\skip70
)
(C:\Users\Dell\mik\tex\latex\etoolbox\etoolbox.sty
Package: etoolbox 2018/08/19 v2.5f e-TeX tools for LaTeX (JAW)
\etb@tempcnta=\count136
)
\FHoffset=\skip71

(C:\Users\Dell\mik\tex\latex\geometry\geometry.sty
Package: geometry 2018/04/16 v5.8 Page Geometry
\Gm@cnth=\count137
\Gm@cntv=\count138
\c@Gm@tempcnt=\count139
\Gm@bindingoffset=\dimen174
\Gm@wd@mp=\dimen175
\Gm@odd@mp=\dimen176
\Gm@even@mp=\dimen177
\Gm@layoutwidth=\dimen178
\Gm@layoutheight=\dimen179
\Gm@layouthoffset=\dimen180
\Gm@layoutvoffset=\dimen181
\Gm@dimlist=\toks35

(C:\Users\Dell\mik\tex\latex\geometry\geometry.cfg)) (report.aux

LaTeX Warning: Label `fig:insert' multiply defined.


LaTeX Warning: Label `fig:insert' multiply defined.


LaTeX Warning: Label `fig:ER diagram' multiply defined.


LaTeX Warning: Label `' multiply defined.


LaTeX Warning: Label `' multiply defined.

)
\openout1 = `report.aux'.

LaTeX Font Info:    Checking defaults for OML/cmm/m/it on input line 70.
LaTeX Font Info:    ... okay on input line 70.
LaTeX Font Info:    Checking defaults for T1/cmr/m/n on input line 70.
LaTeX Font Info:    ... okay on input line 70.
LaTeX Font Info:    Checking defaults for OT1/cmr/m/n on input line 70.
LaTeX Font Info:    ... okay on input line 70.
LaTeX Font Info:    Checking defaults for OMS/cmsy/m/n on input line 70.
LaTeX Font Info:    ... okay on input line 70.
LaTeX Font Info:    Checking defaults for OMX/cmex/m/n on input line 70.
LaTeX Font Info:    ... okay on input line 70.
LaTeX Font Info:    Checking defaults for U/cmr/m/n on input line 70.
LaTeX Font Info:    ... okay on input line 70.
LaTeX Font Info:    Checking defaults for PD1/pdf/m/n on input line 70.
LaTeX Font Info:    ... okay on input line 70.
 (C:\Users\Dell\mik\tex\context\base\supp-pdf.mkii
[Loading MPS to PDF converter (version 2006.09.02).]
\scratchcounter=\count140
\scratchdimen=\dimen182
\scratchbox=\box68
\nofMPsegments=\count141
\nofMParguments=\count142
\everyMPshowfont=\toks36
\MPscratchCnt=\count143
\MPscratchDim=\dimen183
\MPnumerator=\count144
\makeMPintoPDFobject=\count145
\everyMPtoPDFconversion=\toks37
) (C:\Users\Dell\mik\tex\latex\oberdiek\epstopdf-base.sty
Package: epstopdf-base 2016/05/15 v2.6 Base part for package epstopdf

(C:\Users\Dell\mik\tex\latex\oberdiek\grfext.sty
Package: grfext 2016/05/16 v1.2 Manage graphics extensions (HO)
)
Package epstopdf-base Info: Redefining graphics rule for `.eps' on input line 4
38.
Package grfext Info: Graphics extension search list:
(grfext)             [.pdf,.png,.jpg,.mps,.jpeg,.jbig2,.jb2,.PDF,.PNG,.JPG,.JPE
G,.JBIG2,.JB2,.eps]
(grfext)             \AppendGraphicsExtensions on input line 456.
)
ABD: EveryShipout initializing macros ABD: EverySelectfont initializing macros
LaTeX Info: Redefining \selectfont on input line 70.
\c@lstlisting=\count146
\AtBeginShipoutBox=\box69
Package hyperref Info: Link coloring OFF on input line 70.

(C:\Users\Dell\mik\tex\latex\hyperref\nameref.sty
Package: nameref 2016/05/21 v2.44 Cross-referencing by name of section

(C:\Users\Dell\mik\tex\generic\oberdiek\gettitlestring.sty
Package: gettitlestring 2016/05/16 v1.5 Cleanup title references (HO)
)
\c@section@level=\count147
)
LaTeX Info: Redefining \ref on input line 70.
LaTeX Info: Redefining \pageref on input line 70.
LaTeX Info: Redefining \nameref on input line 70.
 (report.out)
(report.out)
\@outlinefile=\write4
\openout4 = `report.out'.


*geometry* driver: auto-detecting
*geometry* detected driver: pdftex
*geometry* verbose mode - [ preamble ] result:
* driver: pdftex
* paper: <default>
* layout: <same size as paper>
* layoutoffset:(h,v)=(0.0pt,0.0pt)
* modes: 
* h-part:(L,W,R)=(90.3375pt, 451.68753pt, 72.26997pt)
* v-part:(T,H,B)=(54.2025pt, 686.56499pt, 54.2025pt)
* \paperwidth=614.295pt
* \paperheight=794.96999pt
* \textwidth=451.68753pt
* \textheight=686.56499pt
* \oddsidemargin=18.0675pt
* \evensidemargin=18.0675pt
* \topmargin=-55.06749pt
* \headheight=12.0pt
* \headsep=25.0pt
* \topskip=12.0pt
* \footskip=30.0pt
* \marginparwidth=44.0pt
* \marginparsep=10.0pt
* \columnsep=10.0pt
* \skip\footins=10.8pt plus 4.0pt minus 2.0pt
* \hoffset=0.0pt
* \voffset=0.0pt
* \mag=1000
* \@twocolumnfalse
* \@twosidefalse
* \@mparswitchfalse
* \@reversemarginfalse
* (1in=72.27pt=25.4mm, 1cm=28.453pt)

(title.tex
<./VTU.png, id=250, 730.73pt x 1027.84pt>
File: ./VTU.png Graphic file (type png)
<use ./VTU.png>
Package pdftex.def Info: ./VTU.png  used on input line 9.
(pdftex.def)             Requested size: 81.30045pt x 114.3488pt.
LaTeX Font Info:    External font `cmex10' loaded for size
(Font)              <12> on input line 15.
LaTeX Font Info:    External font `cmex10' loaded for size
(Font)              <8> on input line 15.
LaTeX Font Info:    External font `cmex10' loaded for size
(Font)              <6> on input line 15.
<./RNS_logo.png, id=252, 1322.9425pt x 1724.4425pt>
File: ./RNS_logo.png Graphic file (type png)
<use ./RNS_logo.png>
Package pdftex.def Info: ./RNS_logo.png  used on input line 27.
(pdftex.def)             Requested size: 85.34831pt x 85.33253pt.
 [1

{C:/Users/Dell/AppData/Local/MiKTeX/2.9/pdftex/config/pdftex.map} <./VTU.png> <
./RNS_logo.png>]) (certificate.tex
File: ./RNS_logo.png Graphic file (type png)
<use ./RNS_logo.png>
Package pdftex.def Info: ./RNS_logo.png  used on input line 10.
(pdftex.def)             Requested size: 85.34831pt x 85.33253pt.

Underfull \hbox (badness 10000) in paragraph at lines 20--26

 []


Underfull \hbox (badness 10000) in paragraph at lines 28--30

 []

pdfTeX warning (ext4): destination with the same identifier (name{page.1}) has 
been already used, duplicate ignored
<to be read again> 
                   \relax 
l.33 \newpage
              [1]) (abstract.tex) [2] (acknowledgements.tex
Underfull \hbox (badness 10000) in paragraph at lines 7--14

 []


Overfull \hbox (33.15466pt too wide) in paragraph at lines 15--19
[][] 
 []

) [3] (report.toc [4

])
\tf@toc=\write5
\openout5 = `report.toc'.

 [5] (report.lof)
\tf@lof=\write6
\openout6 = `report.lof'.

 (chapter1.texpdfTeX warning (ext4): destination with the same identifier (name
{page.1}) has been already used, duplicate ignored
<to be read again> 
                   \relax 
l.1 \chapter
            {INTRODUCTION TO DATABASE MANAGEMENT SYSTEM} [1

]
Chapter 1.
LaTeX Font Info:    Try loading font information for OMS+cmr on input line 8.
(C:\Users\Dell\mik\tex\latex\base\omscmr.fd
File: omscmr.fd 2014/09/29 v2.5h Standard LaTeX font definitions
)
LaTeX Font Info:    Font shape `OMS/cmr/m/n' in size <12> not available
(Font)              Font shape `OMS/cmsy/m/n' tried instead on input line 8.


Package Fancyhdr Warning: \headheight is too small (12.0pt): 
 Make it at least 24.64995pt.
 We now make it that large for the rest of the document.
 This may cause the page layout to be inconsistent, however.

pdfTeX warning (ext4): destination with the same identifier (name{page.2}) has 
been already used, duplicate ignored
<to be read again> 
                   \relax 
l.13 
      [2

]
Underfull \hbox (badness 10000) in paragraph at lines 25--26

 []

pdfTeX warning (ext4): destination with the same identifier (name{page.3}) has 
been already used, duplicate ignored
<to be read again> 
                   \relax 
l.29 \item \textbf
                  {Industry:} Where it is a manufacturing unit, warehouse or...
[3]pdfTeX warning (ext4): destination with the same identifier (name{page.4}) h
as been already used, duplicate ignored
<to be read again> 
                   \relax 
l.45 \newpage
              [4]) (chapter2.tex
Chapter 2.

Underfull \hbox (badness 10000) in paragraph at lines 4--12

 []

) (chapter3.tex
Underfull \hbox (badness 10000) in paragraph at lines 14--1

 []

pdfTeX warning (ext4): destination with the same identifier (name{page.5}) has 
been already used, duplicate ignored
<to be read again> 
                   \relax 
l.1 \chapter
            {Database Design} [5

]
Chapter 3.
<./ERfinal.png, id=396, 683.55376pt x 761.84625pt>
File: ./ERfinal.png Graphic file (type png)
<use ./ERfinal.png>
Package pdftex.def Info: ./ERfinal.png  used on input line 6.
(pdftex.def)             Requested size: 341.77605pt x 380.9222pt.
<./tschema.jpg, id=397, 534.99875pt x 592.2125pt>
File: ./tschema.jpg Graphic file (type jpg)
<use ./tschema.jpg>
Package pdftex.def Info: ./tschema.jpg  used on input line 16.
(pdftex.def)             Requested size: 267.49872pt x 296.10551pt.
[6

 <./ERfinal.png>]) (chapter4.tex [7 <./tschema.jpg>]
Chapter 4.
[8

] [9]) (chapter5.tex [10] [11]
Chapter 5.
LaTeX Font Info:    Font shape `OT1/cmtt/bx/n' in size <10.95> not available
(Font)              Font shape `OT1/cmtt/m/n' tried instead on input line 7.
[12

]) (chapter6.tex [13]
Chapter 6.
[14

] [15] [16]
Overfull \hbox (127.08463pt too wide) in paragraph at lines 175--176
[][][][][][][][][][][][][][][][][][] 
 []

[17] [18] [19]
Overfull \hbox (127.08463pt too wide) in paragraph at lines 303--304
[][][][][][][][][][][][][][][][][][] 
 []

[20] [21] [22]
Overfull \hbox (127.08463pt too wide) in paragraph at lines 454--455
[][][][][][][][][][][][][][][][][][] 
 []

[23] [24]
Overfull \hbox (127.08463pt too wide) in paragraph at lines 545--546
[][][][][][][][][][][][][][][][][][] 
 []

[25] [26]
Overfull \hbox (127.08463pt too wide) in paragraph at lines 654--655
[][][][][][][][][][][][][][][][][][] 
 []

[27] [28]
Overfull \hbox (1.30862pt too wide) in paragraph at lines 745--747
[][][][][][][][][][][][][][][][][]  
 []

[29]
Overfull \hbox (147.77975pt too wide) in paragraph at lines 788--789
[][][][][][][][][][][][][][][][][][] 
 []

[30] [31]
Overfull \hbox (127.08463pt too wide) in paragraph at lines 876--878
[][][][][][][][][][][][][][][][][][] 
 []

[32] [33] [34]
Overfull \hbox (124.21046pt too wide) in paragraph at lines 995--996
[][][][][][][][][][][][][][][][][][][][][][][][][][][][][]  
 []

[35]) (chapter7.tex [36]
Chapter 7.
<./sshome.png, id=1535, 874.01532pt x 569.12625pt>
File: ./sshome.png Graphic file (type png)
<use ./sshome.png>
Package pdftex.def Info: ./sshome.png  used on input line 6.
(pdftex.def)             Requested size: 437.00659pt x 284.56242pt.
<./ssbook.png, id=1536, 877.02657pt x 567.62062pt>
File: ./ssbook.png Graphic file (type png)
<use ./ssbook.png>
Package pdftex.def Info: ./ssbook.png  used on input line 15.
(pdftex.def)             Requested size: 438.5122pt x 283.8096pt.
[37

 <./sshome.png>]
<./ssauthors.png, id=1543, 874.76813pt x 555.57562pt>
File: ./ssauthors.png Graphic file (type png)
<use ./ssauthors.png>
Package pdftex.def Info: ./ssauthors.png  used on input line 24.
(pdftex.def)             Requested size: 437.383pt x 277.78712pt.
 [38 <./ssbook.png>]
<./ssawards1.png, id=1549, 869.49844pt x 563.10374pt>
File: ./ssawards1.png Graphic file (type png)
<use ./ssawards1.png>
Package pdftex.def Info: ./ssawards1.png  used on input line 33.
(pdftex.def)             Requested size: 434.74815pt x 281.55118pt.
 [39 <./ssauthors.png>]
<./ssawards2.png, id=1555, 874.01532pt x 562.35094pt>
File: ./ssawards2.png Graphic file (type png)
<use ./ssawards2.png>
Package pdftex.def Info: ./ssawards2.png  used on input line 42.
(pdftex.def)             Requested size: 437.00659pt x 281.17477pt.
 [40 <./ssawards1.png>]
<./ssgenre.png, id=1561, 874.76813pt x 568.37344pt>
File: ./ssgenre.png Graphic file (type png)
<use ./ssgenre.png>
Package pdftex.def Info: ./ssgenre.png  used on input line 51.
(pdftex.def)             Requested size: 437.383pt x 284.18602pt.
 [41 <./ssawards2.png>]
<./ssrating.png, id=1567, 871.00406pt x 563.85657pt>
File: ./ssrating.png Graphic file (type png)
<use ./ssrating.png>
Package pdftex.def Info: ./ssrating.png  used on input line 60.
(pdftex.def)             Requested size: 435.50096pt x 281.9276pt.
 [42 <./ssgenre.png>]
<./ssreadnow.png, id=1573, 873.2625pt x 563.85657pt>
File: ./ssreadnow.png Graphic file (type png)
<use ./ssreadnow.png>
Package pdftex.def Info: ./ssreadnow.png  used on input line 69.
(pdftex.def)             Requested size: 436.63017pt x 281.9276pt.
 [43 <./ssrating.png>]
<./ssinsert1.png, id=1580, 874.01532pt x 566.86781pt>
File: ./ssinsert1.png Graphic file (type png)
<use ./ssinsert1.png>
Package pdftex.def Info: ./ssinsert1.png  used on input line 78.
(pdftex.def)             Requested size: 437.00659pt x 283.43321pt.

[44 <./ssreadnow.png>]
<./ssinsert2.png, id=1586, 873.2625pt x 565.36218pt>
File: ./ssinsert2.png Graphic file (type png)
<use ./ssinsert2.png>
Package pdftex.def Info: ./ssinsert2.png  used on input line 87.
(pdftex.def)             Requested size: 436.63017pt x 282.68039pt.
 [45 <./ssinsert1.png>]
<./ssinsert3.png, id=1592, 874.01532pt x 564.60938pt>
File: ./ssinsert3.png Graphic file (type png)
<use ./ssinsert3.png>
Package pdftex.def Info: ./ssinsert3.png  used on input line 96.
(pdftex.def)             Requested size: 437.00659pt x 282.30399pt.
 [46 <./ssinsert2.png>]
<./ssdelete.png, id=1598, 871.75688pt x 562.35094pt>
File: ./ssdelete.png Graphic file (type png)
<use ./ssdelete.png>
Package pdftex.def Info: ./ssdelete.png  used on input line 105.
(pdftex.def)             Requested size: 435.87738pt x 281.17477pt.
 [47 <./ssinsert3.png>]
<./ssdelete2.png, id=1604, 873.2625pt x 564.60938pt>
File: ./ssdelete2.png Graphic file (type png)
<use ./ssdelete2.png>
Package pdftex.def Info: ./ssdelete2.png  used on input line 114.
(pdftex.def)             Requested size: 436.63017pt x 282.30399pt.
 [48 <./ssdelete.png>]
<./ssinserttrigger.png, id=1610, 874.01532pt x 566.86781pt>
File: ./ssinserttrigger.png Graphic file (type png)
<use ./ssinserttrigger.png>
Package pdftex.def Info: ./ssinserttrigger.png  used on input line 123.
(pdftex.def)             Requested size: 437.00659pt x 283.43321pt.
 [49 <./ssdelete2.png>]) (chapter8.tex
[50 <./ssinserttrigger.png>]
Chapter 8.

Underfull \hbox (badness 10000) in paragraph at lines 2--6

 []

) (ref.tex [51

]) [52


pdfTeX warning (ext4): destination with the same identifier (name{cite.}) has b
een already used, duplicate ignored

\@EveryShipout@Output ...@Org@Shipout \box \@cclv 
                                                  
l.92 \end{document}
                   pdfTeX warning (ext4): destination with the same identifier 
(name{cite.}) has been already used, duplicate ignored

\@EveryShipout@Output ...@Org@Shipout \box \@cclv 
                                                  
l.92 \end{document}
                   ]
Package atveryend Info: Empty hook `BeforeClearDocument' on input line 92.
Package atveryend Info: Empty hook `AfterLastShipout' on input line 92.
 (report.aux)
Package atveryend Info: Executing hook `AtVeryEndDocument' on input line 92.
Package atveryend Info: Executing hook `AtEndAfterFileList' on input line 92.
Package rerunfilecheck Info: File `report.out' has not changed.
(rerunfilecheck)             Checksum: BD369F0F487E7C024C2DBDADF3FBF058;4115.


LaTeX Warning: There were multiply-defined labels.

Package atveryend Info: Empty hook `AtVeryVeryEnd' on input line 92.
 ) 
Here is how much of TeX's memory you used:
 19760 strings out of 492970
 351818 string characters out of 3140297
 528443 words of memory out of 3000000
 22150 multiletter control sequences out of 15000+200000
 10072 words of font info for 36 fonts, out of 3000000 for 9000
 1141 hyphenation exceptions out of 8191
 55i,12n,54p,1199b,1833s stack positions out of 5000i,500n,10000p,200000b,50000s
<C:/Users/Dell/mik/fonts/type1/public/amsfonts/cm/cmbx10.pfb><C:/Users/Dell/m
ik/fonts/type1/public/amsfonts/cm/cmbx12.pfb><C:/Users/Dell/mik/fonts/type1/pub
lic/amsfonts/cm/cmbxti10.pfb><C:/Users/Dell/mik/fonts/type1/public/amsfonts/cm/
cmitt10.pfb><C:/Users/Dell/mik/fonts/type1/public/amsfonts/cm/cmr12.pfb><C:/Use
rs/Dell/mik/fonts/type1/public/amsfonts/cm/cmsy10.pfb><C:/Users/Dell/mik/fonts/
type1/public/amsfonts/cm/cmti12.pfb><C:/Users/Dell/mik/fonts/type1/public/amsfo
nts/cm/cmtt10.pfb><C:/Users/Dell/mik/fonts/type1/public/amsfonts/cm/cmtt12.pfb>

Output written on report.pdf (58 pages, 4856162 bytes).
PDF statistics:
 1899 PDF objects out of 2073 (max. 8388607)
 1140 named destinations out of 1200 (max. 500000)
 591 words of extra memory for PDF output out of 10000 (max. 10000000)

